#
# There is insufficient memory for the Java Runtime Environment to continue.
# Native memory allocation (malloc) failed to allocate 1594400 bytes. Error detail: Chunk::new
# Possible reasons:
#   The system is out of physical RAM or swap space
#   This process is running with CompressedOops enabled, and the Java Heap may be blocking the growth of the native heap
# Possible solutions:
#   Reduce memory load on the system
#   Increase physical memory or swap space
#   Check if swap backing store is full
#   Decrease Java heap size (-Xmx/-Xms)
#   Decrease number of Java threads
#   Decrease Java thread stack sizes (-Xss)
#   Set larger code cache with -XX:ReservedCodeCacheSize=
#   JVM is running with Unscaled Compressed Oops mode in which the Java heap is
#     placed in the first 4GB address space. The Java Heap base address is the
#     maximum limit for the native heap growth. Please use -XX:HeapBaseMinAddress
#     to set the Java Heap base and to place the Java Heap above 4GB virtual address.
# This output file may be truncated or incomplete.
#
#  Out of Memory Error (arena.cpp:168), pid=10740, tid=7688
#
# JRE version: OpenJDK Runtime Environment Temurin-21.0.6+7 (21.0.6+7) (build 21.0.6+7-LTS)
# Java VM: OpenJDK 64-Bit Server VM Temurin-21.0.6+7 (21.0.6+7-LTS, mixed mode, sharing, tiered, compressed oops, compressed class ptrs, parallel gc, windows-amd64)
# No core dump will be written. Minidumps are not enabled by default on client versions of Windows
#

---------------  S U M M A R Y ------------

Command Line: --add-modules=ALL-SYSTEM --add-opens=java.base/java.util=ALL-UNNAMED --add-opens=java.base/java.lang=ALL-UNNAMED --add-opens=java.base/sun.nio.fs=ALL-UNNAMED -Declipse.application=org.eclipse.jdt.ls.core.id1 -Dosgi.bundles.defaultStartLevel=4 -Declipse.product=org.eclipse.jdt.ls.core.product -Djava.import.generatesMetadataFilesAtProjectRoot=false -DDetectVMInstallationsJob.disabled=true -Dfile.encoding=utf8 -XX:+UseParallelGC -XX:GCTimeRatio=4 -XX:AdaptiveSizePolicyWeight=90 -Dsun.zip.disableMemoryMapping=true -Xmx1G -Xms100m -Xlog:disable -javaagent:c:\Users\compu tech\.vscode\extensions\redhat.java-1.41.1-win32-x64\lombok\lombok-1.18.36.jar -XX:+HeapDumpOnOutOfMemoryError -XX:HeapDumpPath=c:\Users\compu tech\AppData\Roaming\Code\User\workspaceStorage\f81f2a07812248e63cfd6e48698a4a5f\redhat.java -Daether.dependencyCollector.impl=bf c:\Users\compu tech\.vscode\extensions\redhat.java-1.41.1-win32-x64\server\plugins\org.eclipse.equinox.launcher_1.7.0.v20250331-1702.jar -configuration c:\Users\compu tech\AppData\Roaming\Code\User\globalStorage\redhat.java\1.41.1\config_win -data c:\Users\compu tech\AppData\Roaming\Code\User\workspaceStorage\f81f2a07812248e63cfd6e48698a4a5f\redhat.java\jdt_ws --pipe=\\.\pipe\lsp-e5b7f04f532baf3179dd3bfa7bf4d20c-sock

Host: Intel(R) Core(TM) i7-6600U CPU @ 2.60GHz, 4 cores, 15G,  Windows 10 , 64 bit Build 19041 (10.0.19041.5678)
Time: Tue May  6 22:19:37 2025 Egypt Daylight Time elapsed time: 44.548875 seconds (0d 0h 0m 44s)

---------------  T H R E A D  ---------------

Current thread (0x00000278729dbe60):  JavaThread "C2 CompilerThread0" daemon [_thread_in_native, id=7688, stack(0x0000007f4f100000,0x0000007f4f200000) (1024K)]


Current CompileTask:
C2:44548 9151   !   4       org.eclipse.jdt.internal.core.index.DiskIndex::mergeWith (623 bytes)

Stack: [0x0000007f4f100000,0x0000007f4f200000]
Native frames: (J=compiled Java code, j=interpreted, Vv=VM code, C=native code)
V  [jvm.dll+0x6cdee9]
V  [jvm.dll+0x8a83d1]
V  [jvm.dll+0x8aa8fe]
V  [jvm.dll+0x8aafe3]
V  [jvm.dll+0x27f706]
V  [jvm.dll+0xc500d]
V  [jvm.dll+0xc5543]
V  [jvm.dll+0x3b678c]
V  [jvm.dll+0x1e0009]
V  [jvm.dll+0x247b42]
V  [jvm.dll+0x246fcf]
V  [jvm.dll+0x1c75ee]
V  [jvm.dll+0x25685a]
V  [jvm.dll+0x254dfa]
V  [jvm.dll+0x3f0256]
V  [jvm.dll+0x851f8b]
V  [jvm.dll+0x6cc5ed]
C  [ucrtbase.dll+0x21bb2]
C  [KERNEL32.DLL+0x17374]
C  [ntdll.dll+0x4cc91]


---------------  P R O C E S S  ---------------

Threads class SMR info:
_java_thread_list=0x000002787aa699a0, length=43, elements={
0x000002785e6a1160, 0x00000278729ccad0, 0x00000278729ce230, 0x00000278729cfdb0,
0x00000278729d0cc0, 0x00000278729d43e0, 0x00000278729d97e0, 0x00000278729dbe60,
0x00000278729ecb70, 0x000002785e70dc70, 0x00000278739dd880, 0x0000027878668830,
0x00000278781fd4a0, 0x00000278787a62d0, 0x000002787882bbd0, 0x0000027878640bc0,
0x0000027878cb2010, 0x0000027878c3c290, 0x0000027878c3bc00, 0x0000027878c3e360,
0x0000027878c3c920, 0x0000027878c3cfb0, 0x0000027878c3d640, 0x0000027878c3dcd0,
0x0000027878c3e9f0, 0x0000027878c3b570, 0x000002787385bf30, 0x000002787385ab80,
0x000002787385c5c0, 0x000002787385b8a0, 0x000002787385cc50, 0x000002787385d2e0,
0x000002787385d970, 0x000002787385a4f0, 0x000002787935d530, 0x0000027879361040,
0x000002787935e250, 0x000002787935ef70, 0x00000278793616d0, 0x0000027879362a80,
0x000002787935fc90, 0x0000027879360320, 0x000002787935dbc0
}

Java Threads: ( => current thread )
  0x000002785e6a1160 JavaThread "main"                              [_thread_blocked, id=16640, stack(0x0000007f4e700000,0x0000007f4e800000) (1024K)]
  0x00000278729ccad0 JavaThread "Reference Handler"          daemon [_thread_blocked, id=11108, stack(0x0000007f4eb00000,0x0000007f4ec00000) (1024K)]
  0x00000278729ce230 JavaThread "Finalizer"                  daemon [_thread_blocked, id=17804, stack(0x0000007f4ec00000,0x0000007f4ed00000) (1024K)]
  0x00000278729cfdb0 JavaThread "Signal Dispatcher"          daemon [_thread_blocked, id=12804, stack(0x0000007f4ed00000,0x0000007f4ee00000) (1024K)]
  0x00000278729d0cc0 JavaThread "Attach Listener"            daemon [_thread_blocked, id=7104, stack(0x0000007f4ee00000,0x0000007f4ef00000) (1024K)]
  0x00000278729d43e0 JavaThread "Service Thread"             daemon [_thread_blocked, id=10548, stack(0x0000007f4ef00000,0x0000007f4f000000) (1024K)]
  0x00000278729d97e0 JavaThread "Monitor Deflation Thread"   daemon [_thread_blocked, id=13860, stack(0x0000007f4f000000,0x0000007f4f100000) (1024K)]
=>0x00000278729dbe60 JavaThread "C2 CompilerThread0"         daemon [_thread_in_native, id=7688, stack(0x0000007f4f100000,0x0000007f4f200000) (1024K)]
  0x00000278729ecb70 JavaThread "C1 CompilerThread0"         daemon [_thread_blocked, id=10432, stack(0x0000007f4f200000,0x0000007f4f300000) (1024K)]
  0x000002785e70dc70 JavaThread "Common-Cleaner"             daemon [_thread_blocked, id=13716, stack(0x0000007f4f300000,0x0000007f4f400000) (1024K)]
  0x00000278739dd880 JavaThread "Notification Thread"        daemon [_thread_blocked, id=10228, stack(0x0000007f4f500000,0x0000007f4f600000) (1024K)]
  0x0000027878668830 JavaThread "Active Thread: Equinox Container: da985c19-b2ba-40f9-bc5b-2f0277ddf8be"        [_thread_blocked, id=10440, stack(0x0000007f4f400000,0x0000007f4f500000) (1024K)]
  0x00000278781fd4a0 JavaThread "Refresh Thread: Equinox Container: da985c19-b2ba-40f9-bc5b-2f0277ddf8be" daemon [_thread_blocked, id=14952, stack(0x0000007f4f900000,0x0000007f4fa00000) (1024K)]
  0x00000278787a62d0 JavaThread "Framework Event Dispatcher: Equinox Container: da985c19-b2ba-40f9-bc5b-2f0277ddf8be" daemon [_thread_blocked, id=12512, stack(0x0000007f4fa00000,0x0000007f4fb00000) (1024K)]
  0x000002787882bbd0 JavaThread "Start Level: Equinox Container: da985c19-b2ba-40f9-bc5b-2f0277ddf8be" daemon [_thread_blocked, id=13624, stack(0x0000007f4fb00000,0x0000007f4fc00000) (1024K)]
  0x0000027878640bc0 JavaThread "Bundle File Closer"         daemon [_thread_blocked, id=13748, stack(0x0000007f4fd00000,0x0000007f4fe00000) (1024K)]
  0x0000027878cb2010 JavaThread "SCR Component Actor"        daemon [_thread_blocked, id=256, stack(0x0000007f4fe00000,0x0000007f4ff00000) (1024K)]
  0x0000027878c3c290 JavaThread "Worker-JM"                         [_thread_blocked, id=11976, stack(0x0000007f50000000,0x0000007f50100000) (1024K)]
  0x0000027878c3bc00 JavaThread "JNA Cleaner"                daemon [_thread_blocked, id=7268, stack(0x0000007f50100000,0x0000007f50200000) (1024K)]
  0x0000027878c3e360 JavaThread "Worker-0"                          [_thread_blocked, id=17508, stack(0x0000007f50200000,0x0000007f50300000) (1024K)]
  0x0000027878c3c920 JavaThread "Worker-1: Java indexing... "        [_thread_blocked, id=13276, stack(0x0000007f50300000,0x0000007f50400000) (1024K)]
  0x0000027878c3cfb0 JavaThread "Worker-2"                          [_thread_blocked, id=5080, stack(0x0000007f50400000,0x0000007f50500000) (1024K)]
  0x0000027878c3d640 JavaThread "Worker-3"                          [_thread_blocked, id=6804, stack(0x0000007f50500000,0x0000007f50600000) (1024K)]
  0x0000027878c3dcd0 JavaThread "Java indexing"              daemon [_thread_in_native, id=16228, stack(0x0000007f50600000,0x0000007f50700000) (1024K)]
  0x0000027878c3e9f0 JavaThread "Worker-4: Check JDK Index"         [_thread_blocked, id=10052, stack(0x0000007f50900000,0x0000007f50a00000) (1024K)]
  0x0000027878c3b570 JavaThread "Worker-5"                          [_thread_blocked, id=6884, stack(0x0000007f4ff00000,0x0000007f50000000) (1024K)]
  0x000002787385bf30 JavaThread "Thread-2"                   daemon [_thread_in_native, id=17644, stack(0x0000007f50b00000,0x0000007f50c00000) (1024K)]
  0x000002787385ab80 JavaThread "Thread-3"                   daemon [_thread_in_native, id=916, stack(0x0000007f50c00000,0x0000007f50d00000) (1024K)]
  0x000002787385c5c0 JavaThread "Thread-4"                   daemon [_thread_in_native, id=4404, stack(0x0000007f50d00000,0x0000007f50e00000) (1024K)]
  0x000002787385b8a0 JavaThread "Thread-5"                   daemon [_thread_in_native, id=13232, stack(0x0000007f50e00000,0x0000007f50f00000) (1024K)]
  0x000002787385cc50 JavaThread "Thread-6"                   daemon [_thread_in_native, id=12356, stack(0x0000007f50f00000,0x0000007f51000000) (1024K)]
  0x000002787385d2e0 JavaThread "pool-2-thread-1"                   [_thread_blocked, id=10128, stack(0x0000007f51000000,0x0000007f51100000) (1024K)]
  0x000002787385d970 JavaThread "WorkspaceEventsHandler"            [_thread_blocked, id=11476, stack(0x0000007f51100000,0x0000007f51200000) (1024K)]
  0x000002787385a4f0 JavaThread "pool-1-thread-1"                   [_thread_blocked, id=10988, stack(0x0000007f51200000,0x0000007f51300000) (1024K)]
  0x000002787935d530 JavaThread "LocalFile Deleter"          daemon [_thread_blocked, id=18212, stack(0x0000007f4fc00000,0x0000007f4fd00000) (1024K)]
  0x0000027879361040 JavaThread "LocalFile Deleter"          daemon [_thread_blocked, id=11164, stack(0x0000007f51300000,0x0000007f51400000) (1024K)]
  0x000002787935e250 JavaThread "LocalFile Deleter"          daemon [_thread_blocked, id=17416, stack(0x0000007f51400000,0x0000007f51500000) (1024K)]
  0x000002787935ef70 JavaThread "LocalFile Deleter"          daemon [_thread_blocked, id=18160, stack(0x0000007f51500000,0x0000007f51600000) (1024K)]
  0x00000278793616d0 JavaThread "Compiler Source File Reader" daemon [_thread_blocked, id=2428, stack(0x0000007f51600000,0x0000007f51700000) (1024K)]
  0x0000027879362a80 JavaThread "Compiler Source File Reader" daemon [_thread_blocked, id=11432, stack(0x0000007f51700000,0x0000007f51800000) (1024K)]
  0x000002787935fc90 JavaThread "Compiler Processing Task"   daemon [_thread_blocked, id=5632, stack(0x0000007f51800000,0x0000007f51900000) (1024K)]
  0x0000027879360320 JavaThread "Compiler Class File Writer" daemon [_thread_blocked, id=15632, stack(0x0000007f51900000,0x0000007f51a00000) (1024K)]
  0x000002787935dbc0 JavaThread "Compiler Class File Writer" daemon [_thread_blocked, id=4296, stack(0x0000007f51a00000,0x0000007f51b00000) (1024K)]
Total: 43

Other Threads:
  0x000002785e75e5e0 VMThread "VM Thread"                           [id=944, stack(0x0000007f4ea00000,0x0000007f4eb00000) (1024K)]
  0x000002785e70c430 WatcherThread "VM Periodic Task Thread"        [id=2308, stack(0x0000007f4e900000,0x0000007f4ea00000) (1024K)]
  0x000002785e6bf470 WorkerThread "GC Thread#0"                     [id=8108, stack(0x0000007f4e800000,0x0000007f4e900000) (1024K)]
  0x0000027873b45a70 WorkerThread "GC Thread#1"                     [id=11932, stack(0x0000007f4f600000,0x0000007f4f700000) (1024K)]
  0x000002787819d550 WorkerThread "GC Thread#2"                     [id=8248, stack(0x0000007f4f700000,0x0000007f4f800000) (1024K)]
  0x000002787819d8f0 WorkerThread "GC Thread#3"                     [id=12660, stack(0x0000007f4f800000,0x0000007f4f900000) (1024K)]
Total: 6

Threads with active compile tasks:
C2 CompilerThread0  44601 9151   !   4       org.eclipse.jdt.internal.core.index.DiskIndex::mergeWith (623 bytes)
Total: 1

VM state: not at safepoint (normal execution)

VM Mutex/Monitor currently owned by a thread: None

Heap address: 0x00000000c0000000, size: 1024 MB, Compressed Oops mode: 32-bit

CDS archive(s) mapped at: [0x0000027800000000-0x0000027800ba0000-0x0000027800ba0000), size 12189696, SharedBaseAddress: 0x0000027800000000, ArchiveRelocationMode: 1.
Compressed class space mapped at: 0x0000027801000000-0x0000027841000000, reserved size: 1073741824
Narrow klass base: 0x0000027800000000, Narrow klass shift: 0, Narrow klass range: 0x100000000

GC Precious Log:
 CardTable entry size: 512
 CPUs: 4 total, 4 available
 Memory: 16196M
 Large Page Support: Disabled
 NUMA Support: Disabled
 Compressed Oops: Enabled (32-bit)
 Alignments: Space 512K, Generation 512K, Heap 2M
 Heap Min Capacity: 100M
 Heap Initial Capacity: 100M
 Heap Max Capacity: 1G
 Pre-touch: Disabled
 Parallel Workers: 4

Heap:
 PSYoungGen      total 2560K, used 1440K [0x00000000eab00000, 0x00000000eaf00000, 0x0000000100000000)
  eden space 1536K, 31% used [0x00000000eab00000,0x00000000eab78098,0x00000000eac80000)
  from space 1024K, 93% used [0x00000000eae00000,0x00000000eaef0000,0x00000000eaf00000)
  to   space 1024K, 0% used [0x00000000ead00000,0x00000000ead00000,0x00000000eae00000)
 ParOldGen       total 484352K, used 466125K [0x00000000c0000000, 0x00000000dd900000, 0x00000000eab00000)
  object space 484352K, 96% used [0x00000000c0000000,0x00000000dc7337b8,0x00000000dd900000)
 Metaspace       used 57477K, committed 58816K, reserved 1114112K
  class space    used 5968K, committed 6528K, reserved 1048576K

Card table byte_map: [0x000002785e050000,0x000002785e260000] _byte_map_base: 0x000002785da50000

Marking Bits: (ParMarkBitMap*) 0x00007ffd9be63260
 Begin Bits: [0x00000278708a0000, 0x00000278718a0000)
 End Bits:   [0x00000278718a0000, 0x00000278728a0000)

Polling page: 0x000002785c500000

Metaspace:

Usage:
  Non-class:     50.30 MB used.
      Class:      5.83 MB used.
       Both:     56.13 MB used.

Virtual space:
  Non-class space:       64.00 MB reserved,      51.06 MB ( 80%) committed,  1 nodes.
      Class space:        1.00 GB reserved,       6.38 MB ( <1%) committed,  1 nodes.
             Both:        1.06 GB reserved,      57.44 MB (  5%) committed. 

Chunk freelists:
   Non-Class:  12.56 MB
       Class:  9.64 MB
        Both:  22.20 MB

MaxMetaspaceSize: unlimited
CompressedClassSpaceSize: 1.00 GB
Initial GC threshold: 21.00 MB
Current GC threshold: 95.75 MB
CDS: on
 - commit_granule_bytes: 65536.
 - commit_granule_words: 8192.
 - virtual_space_node_default_size: 8388608.
 - enlarge_chunks_in_place: 1.
 - use_allocation_guard: 0.


Internal statistics:

num_allocs_failed_limit: 6.
num_arena_births: 926.
num_arena_deaths: 22.
num_vsnodes_births: 2.
num_vsnodes_deaths: 0.
num_space_committed: 919.
num_space_uncommitted: 0.
num_chunks_returned_to_freelist: 31.
num_chunks_taken_from_freelist: 3480.
num_chunk_merges: 12.
num_chunk_splits: 2197.
num_chunks_enlarged: 1323.
num_inconsistent_stats: 0.

CodeHeap 'non-profiled nmethods': size=120000Kb used=5821Kb max_used=7438Kb free=114178Kb
 bounds [0x0000027869370000, 0x0000027869ac0000, 0x00000278708a0000]
CodeHeap 'profiled nmethods': size=120000Kb used=13745Kb max_used=18642Kb free=106254Kb
 bounds [0x00000278618a0000, 0x0000027862ae0000, 0x0000027868dd0000]
CodeHeap 'non-nmethods': size=5760Kb used=1419Kb max_used=1516Kb free=4340Kb
 bounds [0x0000027868dd0000, 0x0000027869040000, 0x0000027869370000]
 total_blobs=7888 nmethods=7156 adapters=638
 compilation: enabled
              stopped_count=0, restarted_count=0
 full_count=0

Compilation events (20 events):
Event: 42.071 Thread 0x00000278729dbe60 nmethod 9141 0x0000027869482a10 code [0x0000027869482bc0, 0x0000027869482ee0]
Event: 42.217 Thread 0x00000278729ecb70 9142       3       org.eclipse.jdt.internal.core.search.indexing.BinaryIndexer::indexPackageVisibilityDirective (115 bytes)
Event: 42.218 Thread 0x00000278729ecb70 nmethod 9142 0x00000278618e5a90 code [0x00000278618e5cc0, 0x00000278618e66f8]
Event: 42.360 Thread 0x00000278729ecb70 9143       1       org.eclipse.jdt.internal.compiler.classfmt.ModuleInfo$ServiceInfo::name (5 bytes)
Event: 42.361 Thread 0x00000278729ecb70 nmethod 9143 0x0000027869482610 code [0x00000278694827a0, 0x0000027869482868]
Event: 42.361 Thread 0x00000278729ecb70 9144       1       org.eclipse.jdt.internal.compiler.classfmt.ModuleInfo$ServiceInfo::with (5 bytes)
Event: 42.361 Thread 0x00000278729ecb70 nmethod 9144 0x000002786953c690 code [0x000002786953c820, 0x000002786953c8e8]
Event: 42.605 Thread 0x00000278729dbe60 9145 %     4       org.eclipse.jdt.internal.core.index.DiskIndex::computeDocumentNames @ 40 (607 bytes)
Event: 42.634 Thread 0x00000278729dbe60 nmethod 9145% 0x00000278693fa990 code [0x00000278693fabc0, 0x00000278693fb920]
Event: 42.646 Thread 0x00000278729dbe60 9146       4       org.eclipse.jdt.internal.core.index.DiskIndex::computeDocumentNames (607 bytes)
Event: 42.686 Thread 0x00000278729ecb70 9149   !   3       org.eclipse.jdt.internal.core.index.DiskIndex::mergeWith (623 bytes)
Event: 42.694 Thread 0x00000278729ecb70 nmethod 9149 0x0000027861ebb690 code [0x0000027861ebbf00, 0x0000027861ec0350]
Event: 42.829 Thread 0x00000278729dbe60 nmethod 9146 0x000002786959dd90 code [0x000002786959e1c0, 0x00000278695a0db0]
Event: 42.830 Thread 0x00000278729dbe60 9148 %     4       org.eclipse.jdt.internal.core.index.DiskIndex::writeAllDocumentNames @ 300 (512 bytes)
Event: 42.995 Thread 0x00000278729dbe60 nmethod 9148% 0x0000027869500b10 code [0x0000027869500fc0, 0x0000027869504aa0]
Event: 42.996 Thread 0x00000278729dbe60 9147       4       java.io.File::isInvalid (47 bytes)
Event: 43.000 Thread 0x00000278729dbe60 nmethod 9147 0x00000278693ef790 code [0x00000278693ef940, 0x00000278693efc10]
Event: 43.496 Thread 0x00000278729dbe60 9150 % !   4       org.eclipse.jdt.internal.core.index.DiskIndex::mergeWith @ 262 (623 bytes)
Event: 43.546 Thread 0x00000278729dbe60 nmethod 9150% 0x00000278694c1790 code [0x00000278694c1a20, 0x00000278694c2bb8]
Event: 43.675 Thread 0x00000278729dbe60 9151   !   4       org.eclipse.jdt.internal.core.index.DiskIndex::mergeWith (623 bytes)

GC Heap History (20 events):
Event: 43.741 GC heap before
{Heap before GC invocations=915 (full 3):
 PSYoungGen      total 2560K, used 2095K [0x00000000eab00000, 0x00000000eb080000, 0x0000000100000000)
  eden space 1024K, 100% used [0x00000000eab00000,0x00000000eac00000,0x00000000eac00000)
  from space 1536K, 69% used [0x00000000eac00000,0x00000000ead0bf18,0x00000000ead80000)
  to   space 2048K, 0% used [0x00000000eae80000,0x00000000eae80000,0x00000000eb080000)
 ParOldGen       total 493056K, used 492969K [0x00000000c0000000, 0x00000000de180000, 0x00000000eab00000)
  object space 493056K, 99% used [0x00000000c0000000,0x00000000de16a428,0x00000000de180000)
 Metaspace       used 57477K, committed 58816K, reserved 1114112K
  class space    used 5968K, committed 6528K, reserved 1048576K
}
Event: 43.747 GC heap after
{Heap after GC invocations=915 (full 3):
 PSYoungGen      total 3072K, used 1050K [0x00000000eab00000, 0x00000000eb000000, 0x0000000100000000)
  eden space 1536K, 0% used [0x00000000eab00000,0x00000000eab00000,0x00000000eac80000)
  from space 1536K, 68% used [0x00000000eae80000,0x00000000eaf86b30,0x00000000eb000000)
  to   space 1536K, 0% used [0x00000000ead00000,0x00000000ead00000,0x00000000eae80000)
 ParOldGen       total 495104K, used 494670K [0x00000000c0000000, 0x00000000de380000, 0x00000000eab00000)
  object space 495104K, 99% used [0x00000000c0000000,0x00000000de313830,0x00000000de380000)
 Metaspace       used 57477K, committed 58816K, reserved 1114112K
  class space    used 5968K, committed 6528K, reserved 1048576K
}
Event: 43.784 GC heap before
{Heap before GC invocations=916 (full 3):
 PSYoungGen      total 3072K, used 2586K [0x00000000eab00000, 0x00000000eb000000, 0x0000000100000000)
  eden space 1536K, 100% used [0x00000000eab00000,0x00000000eac80000,0x00000000eac80000)
  from space 1536K, 68% used [0x00000000eae80000,0x00000000eaf86b30,0x00000000eb000000)
  to   space 1536K, 0% used [0x00000000ead00000,0x00000000ead00000,0x00000000eae80000)
 ParOldGen       total 495104K, used 494670K [0x00000000c0000000, 0x00000000de380000, 0x00000000eab00000)
  object space 495104K, 99% used [0x00000000c0000000,0x00000000de313830,0x00000000de380000)
 Metaspace       used 57477K, committed 58816K, reserved 1114112K
  class space    used 5968K, committed 6528K, reserved 1048576K
}
Event: 43.790 GC heap after
{Heap after GC invocations=916 (full 3):
 PSYoungGen      total 3072K, used 1511K [0x00000000eab00000, 0x00000000eb280000, 0x0000000100000000)
  eden space 1536K, 0% used [0x00000000eab00000,0x00000000eab00000,0x00000000eac80000)
  from space 1536K, 98% used [0x00000000ead00000,0x00000000eae79fa0,0x00000000eae80000)
  to   space 3072K, 0% used [0x00000000eaf80000,0x00000000eaf80000,0x00000000eb280000)
 ParOldGen       total 496128K, used 495732K [0x00000000c0000000, 0x00000000de480000, 0x00000000eab00000)
  object space 496128K, 99% used [0x00000000c0000000,0x00000000de41d2f8,0x00000000de480000)
 Metaspace       used 57477K, committed 58816K, reserved 1114112K
  class space    used 5968K, committed 6528K, reserved 1048576K
}
Event: 43.848 GC heap before
{Heap before GC invocations=917 (full 3):
 PSYoungGen      total 3072K, used 3047K [0x00000000eab00000, 0x00000000eb280000, 0x0000000100000000)
  eden space 1536K, 100% used [0x00000000eab00000,0x00000000eac80000,0x00000000eac80000)
  from space 1536K, 98% used [0x00000000ead00000,0x00000000eae79fa0,0x00000000eae80000)
  to   space 3072K, 0% used [0x00000000eaf80000,0x00000000eaf80000,0x00000000eb280000)
 ParOldGen       total 496128K, used 495732K [0x00000000c0000000, 0x00000000de480000, 0x00000000eab00000)
  object space 496128K, 99% used [0x00000000c0000000,0x00000000de41d2f8,0x00000000de480000)
 Metaspace       used 57477K, committed 58816K, reserved 1114112K
  class space    used 5968K, committed 6528K, reserved 1048576K
}
Event: 43.854 GC heap after
{Heap after GC invocations=917 (full 3):
 PSYoungGen      total 3072K, used 3047K [0x00000000eab00000, 0x00000000eb280000, 0x0000000100000000)
  eden space 1536K, 100% used [0x00000000eab00000,0x00000000eac80000,0x00000000eac80000)
  from space 1536K, 98% used [0x00000000ead00000,0x00000000eae79fa0,0x00000000eae80000)
  to   space 3072K, 50% used [0x00000000eaf80000,0x00000000eb104fd0,0x00000000eb280000)
 ParOldGen       total 496640K, used 496634K [0x00000000c0000000, 0x00000000de500000, 0x00000000eab00000)
  object space 496640K, 99% used [0x00000000c0000000,0x00000000de4fe810,0x00000000de500000)
 Metaspace       used 57477K, committed 58816K, reserved 1114112K
  class space    used 5968K, committed 6528K, reserved 1048576K
}
Event: 43.854 GC heap before
{Heap before GC invocations=918 (full 4):
 PSYoungGen      total 3072K, used 3047K [0x00000000eab00000, 0x00000000eb280000, 0x0000000100000000)
  eden space 1536K, 100% used [0x00000000eab00000,0x00000000eac80000,0x00000000eac80000)
  from space 1536K, 98% used [0x00000000ead00000,0x00000000eae79fa0,0x00000000eae80000)
  to   space 3072K, 50% used [0x00000000eaf80000,0x00000000eb104fd0,0x00000000eb280000)
 ParOldGen       total 496640K, used 496634K [0x00000000c0000000, 0x00000000de500000, 0x00000000eab00000)
  object space 496640K, 99% used [0x00000000c0000000,0x00000000de4fe810,0x00000000de500000)
 Metaspace       used 57477K, committed 58816K, reserved 1114112K
  class space    used 5968K, committed 6528K, reserved 1048576K
}
Event: 44.249 GC heap after
{Heap after GC invocations=918 (full 4):
 PSYoungGen      total 4608K, used 0K [0x00000000eab00000, 0x00000000eb280000, 0x0000000100000000)
  eden space 1536K, 0% used [0x00000000eab00000,0x00000000eab00000,0x00000000eac80000)
  from space 3072K, 0% used [0x00000000eaf80000,0x00000000eaf80000,0x00000000eb280000)
  to   space 3072K, 0% used [0x00000000eac80000,0x00000000eac80000,0x00000000eaf80000)
 ParOldGen       total 484352K, used 459463K [0x00000000c0000000, 0x00000000dd900000, 0x00000000eab00000)
  object space 484352K, 94% used [0x00000000c0000000,0x00000000dc0b1c30,0x00000000dd900000)
 Metaspace       used 57477K, committed 58816K, reserved 1114112K
  class space    used 5968K, committed 6528K, reserved 1048576K
}
Event: 44.289 GC heap before
{Heap before GC invocations=919 (full 4):
 PSYoungGen      total 4608K, used 1536K [0x00000000eab00000, 0x00000000eb280000, 0x0000000100000000)
  eden space 1536K, 100% used [0x00000000eab00000,0x00000000eac80000,0x00000000eac80000)
  from space 3072K, 0% used [0x00000000eaf80000,0x00000000eaf80000,0x00000000eb280000)
  to   space 3072K, 0% used [0x00000000eac80000,0x00000000eac80000,0x00000000eaf80000)
 ParOldGen       total 484352K, used 459463K [0x00000000c0000000, 0x00000000dd900000, 0x00000000eab00000)
  object space 484352K, 94% used [0x00000000c0000000,0x00000000dc0b1c30,0x00000000dd900000)
 Metaspace       used 57477K, committed 58816K, reserved 1114112K
  class space    used 5968K, committed 6528K, reserved 1048576K
}
Event: 44.294 GC heap after
{Heap after GC invocations=919 (full 4):
 PSYoungGen      total 3072K, used 1527K [0x00000000eab00000, 0x00000000eb080000, 0x0000000100000000)
  eden space 1536K, 0% used [0x00000000eab00000,0x00000000eab00000,0x00000000eac80000)
  from space 1536K, 99% used [0x00000000eac80000,0x00000000eadfdcc0,0x00000000eae00000)
  to   space 2048K, 0% used [0x00000000eae80000,0x00000000eae80000,0x00000000eb080000)
 ParOldGen       total 484352K, used 459463K [0x00000000c0000000, 0x00000000dd900000, 0x00000000eab00000)
  object space 484352K, 94% used [0x00000000c0000000,0x00000000dc0b1c30,0x00000000dd900000)
 Metaspace       used 57477K, committed 58816K, reserved 1114112K
  class space    used 5968K, committed 6528K, reserved 1048576K
}
Event: 44.338 GC heap before
{Heap before GC invocations=920 (full 4):
 PSYoungGen      total 3072K, used 3017K [0x00000000eab00000, 0x00000000eb080000, 0x0000000100000000)
  eden space 1536K, 97% used [0x00000000eab00000,0x00000000eac74ab0,0x00000000eac80000)
  from space 1536K, 99% used [0x00000000eac80000,0x00000000eadfdcc0,0x00000000eae00000)
  to   space 2048K, 0% used [0x00000000eae80000,0x00000000eae80000,0x00000000eb080000)
 ParOldGen       total 484352K, used 459463K [0x00000000c0000000, 0x00000000dd900000, 0x00000000eab00000)
  object space 484352K, 94% used [0x00000000c0000000,0x00000000dc0b1c30,0x00000000dd900000)
 Metaspace       used 57477K, committed 58816K, reserved 1114112K
  class space    used 5968K, committed 6528K, reserved 1048576K
}
Event: 44.344 GC heap after
{Heap after GC invocations=920 (full 4):
 PSYoungGen      total 3584K, used 1491K [0x00000000eab00000, 0x00000000eb080000, 0x0000000100000000)
  eden space 1536K, 0% used [0x00000000eab00000,0x00000000eab00000,0x00000000eac80000)
  from space 2048K, 72% used [0x00000000eae80000,0x00000000eaff4fd0,0x00000000eb080000)
  to   space 2048K, 0% used [0x00000000eac80000,0x00000000eac80000,0x00000000eae80000)
 ParOldGen       total 484352K, used 460986K [0x00000000c0000000, 0x00000000dd900000, 0x00000000eab00000)
  object space 484352K, 95% used [0x00000000c0000000,0x00000000dc22e8d8,0x00000000dd900000)
 Metaspace       used 57477K, committed 58816K, reserved 1114112K
  class space    used 5968K, committed 6528K, reserved 1048576K
}
Event: 44.358 GC heap before
{Heap before GC invocations=921 (full 4):
 PSYoungGen      total 3584K, used 3027K [0x00000000eab00000, 0x00000000eb080000, 0x0000000100000000)
  eden space 1536K, 100% used [0x00000000eab00000,0x00000000eac80000,0x00000000eac80000)
  from space 2048K, 72% used [0x00000000eae80000,0x00000000eaff4fd0,0x00000000eb080000)
  to   space 2048K, 0% used [0x00000000eac80000,0x00000000eac80000,0x00000000eae80000)
 ParOldGen       total 484352K, used 460986K [0x00000000c0000000, 0x00000000dd900000, 0x00000000eab00000)
  object space 484352K, 95% used [0x00000000c0000000,0x00000000dc22e8d8,0x00000000dd900000)
 Metaspace       used 57477K, committed 58816K, reserved 1114112K
  class space    used 5968K, committed 6528K, reserved 1048576K
}
Event: 44.362 GC heap after
{Heap after GC invocations=921 (full 4):
 PSYoungGen      total 3584K, used 1640K [0x00000000eab00000, 0x00000000eb080000, 0x0000000100000000)
  eden space 1536K, 0% used [0x00000000eab00000,0x00000000eab00000,0x00000000eac80000)
  from space 2048K, 80% used [0x00000000eac80000,0x00000000eae1a000,0x00000000eae80000)
  to   space 2048K, 0% used [0x00000000eae80000,0x00000000eae80000,0x00000000eb080000)
 ParOldGen       total 484352K, used 462453K [0x00000000c0000000, 0x00000000dd900000, 0x00000000eab00000)
  object space 484352K, 95% used [0x00000000c0000000,0x00000000dc39d7b8,0x00000000dd900000)
 Metaspace       used 57477K, committed 58816K, reserved 1114112K
  class space    used 5968K, committed 6528K, reserved 1048576K
}
Event: 44.426 GC heap before
{Heap before GC invocations=922 (full 4):
 PSYoungGen      total 3584K, used 3173K [0x00000000eab00000, 0x00000000eb080000, 0x0000000100000000)
  eden space 1536K, 99% used [0x00000000eab00000,0x00000000eac7f420,0x00000000eac80000)
  from space 2048K, 80% used [0x00000000eac80000,0x00000000eae1a000,0x00000000eae80000)
  to   space 2048K, 0% used [0x00000000eae80000,0x00000000eae80000,0x00000000eb080000)
 ParOldGen       total 484352K, used 462453K [0x00000000c0000000, 0x00000000dd900000, 0x00000000eab00000)
  object space 484352K, 95% used [0x00000000c0000000,0x00000000dc39d7b8,0x00000000dd900000)
 Metaspace       used 57477K, committed 58816K, reserved 1114112K
  class space    used 5968K, committed 6528K, reserved 1048576K
}
Event: 44.430 GC heap after
{Heap after GC invocations=922 (full 4):
 PSYoungGen      total 3072K, used 1152K [0x00000000eab00000, 0x00000000eb000000, 0x0000000100000000)
  eden space 1536K, 0% used [0x00000000eab00000,0x00000000eab00000,0x00000000eac80000)
  from space 1536K, 75% used [0x00000000eae80000,0x00000000eafa0000,0x00000000eb000000)
  to   space 1536K, 0% used [0x00000000ead00000,0x00000000ead00000,0x00000000eae80000)
 ParOldGen       total 484352K, used 464005K [0x00000000c0000000, 0x00000000dd900000, 0x00000000eab00000)
  object space 484352K, 95% used [0x00000000c0000000,0x00000000dc5217b8,0x00000000dd900000)
 Metaspace       used 57477K, committed 58816K, reserved 1114112K
  class space    used 5968K, committed 6528K, reserved 1048576K
}
Event: 44.456 GC heap before
{Heap before GC invocations=923 (full 4):
 PSYoungGen      total 3072K, used 2688K [0x00000000eab00000, 0x00000000eb000000, 0x0000000100000000)
  eden space 1536K, 100% used [0x00000000eab00000,0x00000000eac80000,0x00000000eac80000)
  from space 1536K, 75% used [0x00000000eae80000,0x00000000eafa0000,0x00000000eb000000)
  to   space 1536K, 0% used [0x00000000ead00000,0x00000000ead00000,0x00000000eae80000)
 ParOldGen       total 484352K, used 464005K [0x00000000c0000000, 0x00000000dd900000, 0x00000000eab00000)
  object space 484352K, 95% used [0x00000000c0000000,0x00000000dc5217b8,0x00000000dd900000)
 Metaspace       used 57477K, committed 58816K, reserved 1114112K
  class space    used 5968K, committed 6528K, reserved 1048576K
}
Event: 44.460 GC heap after
{Heap after GC invocations=923 (full 4):
 PSYoungGen      total 2560K, used 1024K [0x00000000eab00000, 0x00000000eaf80000, 0x0000000100000000)
  eden space 1536K, 0% used [0x00000000eab00000,0x00000000eab00000,0x00000000eac80000)
  from space 1024K, 100% used [0x00000000ead00000,0x00000000eae00000,0x00000000eae00000)
  to   space 1536K, 0% used [0x00000000eae00000,0x00000000eae00000,0x00000000eaf80000)
 ParOldGen       total 484352K, used 465141K [0x00000000c0000000, 0x00000000dd900000, 0x00000000eab00000)
  object space 484352K, 96% used [0x00000000c0000000,0x00000000dc63d7b8,0x00000000dd900000)
 Metaspace       used 57477K, committed 58816K, reserved 1114112K
  class space    used 5968K, committed 6528K, reserved 1048576K
}
Event: 44.488 GC heap before
{Heap before GC invocations=924 (full 4):
 PSYoungGen      total 2560K, used 2560K [0x00000000eab00000, 0x00000000eaf80000, 0x0000000100000000)
  eden space 1536K, 100% used [0x00000000eab00000,0x00000000eac80000,0x00000000eac80000)
  from space 1024K, 100% used [0x00000000ead00000,0x00000000eae00000,0x00000000eae00000)
  to   space 1536K, 0% used [0x00000000eae00000,0x00000000eae00000,0x00000000eaf80000)
 ParOldGen       total 484352K, used 465141K [0x00000000c0000000, 0x00000000dd900000, 0x00000000eab00000)
  object space 484352K, 96% used [0x00000000c0000000,0x00000000dc63d7b8,0x00000000dd900000)
 Metaspace       used 57477K, committed 58816K, reserved 1114112K
  class space    used 5968K, committed 6528K, reserved 1048576K
}
Event: 44.491 GC heap after
{Heap after GC invocations=924 (full 4):
 PSYoungGen      total 2560K, used 960K [0x00000000eab00000, 0x00000000eaf00000, 0x0000000100000000)
  eden space 1536K, 0% used [0x00000000eab00000,0x00000000eab00000,0x00000000eac80000)
  from space 1024K, 93% used [0x00000000eae00000,0x00000000eaef0000,0x00000000eaf00000)
  to   space 1024K, 0% used [0x00000000ead00000,0x00000000ead00000,0x00000000eae00000)
 ParOldGen       total 484352K, used 466125K [0x00000000c0000000, 0x00000000dd900000, 0x00000000eab00000)
  object space 484352K, 96% used [0x00000000c0000000,0x00000000dc7337b8,0x00000000dd900000)
 Metaspace       used 57477K, committed 58816K, reserved 1114112K
  class space    used 5968K, committed 6528K, reserved 1048576K
}

Dll operation events (10 events):
Event: 0.020 Loaded shared library c:\Users\compu tech\.vscode\extensions\redhat.java-1.41.1-win32-x64\jre\21.0.6-win32-x86_64\bin\java.dll
Event: 0.069 Loaded shared library c:\Users\compu tech\.vscode\extensions\redhat.java-1.41.1-win32-x64\jre\21.0.6-win32-x86_64\bin\zip.dll
Event: 0.218 Loaded shared library C:\Users\compu tech\.vscode\extensions\redhat.java-1.41.1-win32-x64\jre\21.0.6-win32-x86_64\bin\instrument.dll
Event: 0.231 Loaded shared library C:\Users\compu tech\.vscode\extensions\redhat.java-1.41.1-win32-x64\jre\21.0.6-win32-x86_64\bin\net.dll
Event: 0.240 Loaded shared library C:\Users\compu tech\.vscode\extensions\redhat.java-1.41.1-win32-x64\jre\21.0.6-win32-x86_64\bin\nio.dll
Event: 0.251 Loaded shared library C:\Users\compu tech\.vscode\extensions\redhat.java-1.41.1-win32-x64\jre\21.0.6-win32-x86_64\bin\zip.dll
Event: 0.299 Loaded shared library C:\Users\compu tech\.vscode\extensions\redhat.java-1.41.1-win32-x64\jre\21.0.6-win32-x86_64\bin\jimage.dll
Event: 0.490 Loaded shared library c:\Users\compu tech\.vscode\extensions\redhat.java-1.41.1-win32-x64\jre\21.0.6-win32-x86_64\bin\verify.dll
Event: 3.616 Loaded shared library C:\Users\compu tech\AppData\Roaming\Code\User\globalStorage\redhat.java\1.41.1\config_win\org.eclipse.equinox.launcher\org.eclipse.equinox.launcher.win32.win32.x86_64_1.2.1300.v20250331-1702\eclipse_11911.dll
Event: 6.497 Loaded shared library C:\Users\compu tech\AppData\Local\Temp\jna--347268304\jna16007677964298227749.dll

Deoptimization events (20 events):
Event: 37.513 Thread 0x0000027878c3dcd0 DEOPT PACKING pc=0x0000027869aa02e4 sp=0x0000007f506fea80
Event: 37.513 Thread 0x0000027878c3dcd0 DEOPT UNPACKING pc=0x0000027868e23aa2 sp=0x0000007f506fea28 mode 2
Event: 42.646 Thread 0x0000027878c3dcd0 DEOPT PACKING pc=0x0000027862a9b075 sp=0x0000007f506ff060
Event: 42.646 Thread 0x0000027878c3dcd0 DEOPT UNPACKING pc=0x0000027868e24242 sp=0x0000007f506fe580 mode 0
Event: 42.648 Thread 0x0000027878c3dcd0 Uncommon trap: trap_request=0xffffff45 fr.pc=0x0000027869a4a08c relative=0x0000000000000a4c
Event: 42.648 Thread 0x0000027878c3dcd0 Uncommon trap: reason=unstable_if action=reinterpret pc=0x0000027869a4a08c method=org.eclipse.jdt.internal.core.index.DiskIndex.computeDocumentNames([Ljava/lang/String;[ILorg/eclipse/jdt/internal/compiler/util/SimpleLookupTable;Lorg/eclipse/jdt/internal/c
Event: 42.648 Thread 0x0000027878c3dcd0 DEOPT PACKING pc=0x0000027869a4a08c sp=0x0000007f506ff100
Event: 42.648 Thread 0x0000027878c3dcd0 DEOPT UNPACKING pc=0x0000027868e23aa2 sp=0x0000007f506ff090 mode 2
Event: 42.652 Thread 0x0000027878c3dcd0 DEOPT PACKING pc=0x0000027862aa45fe sp=0x0000007f506ff080
Event: 42.653 Thread 0x0000027878c3dcd0 DEOPT UNPACKING pc=0x0000027868e24242 sp=0x0000007f506fe578 mode 0
Event: 42.674 Thread 0x0000027878c3dcd0 Uncommon trap: trap_request=0xffffff45 fr.pc=0x0000027869a4cff8 relative=0x0000000000001cf8
Event: 42.674 Thread 0x0000027878c3dcd0 Uncommon trap: reason=unstable_if action=reinterpret pc=0x0000027869a4cff8 method=org.eclipse.jdt.internal.core.index.DiskIndex.writeAllDocumentNames([Ljava/lang/String;Ljava/io/OutputStream;)V @ 366 c2
Event: 42.674 Thread 0x0000027878c3dcd0 DEOPT PACKING pc=0x0000027869a4cff8 sp=0x0000007f506ff0f0
Event: 42.674 Thread 0x0000027878c3dcd0 DEOPT UNPACKING pc=0x0000027868e23aa2 sp=0x0000007f506ff088 mode 2
Event: 43.675 Thread 0x0000027878c3dcd0 DEOPT PACKING pc=0x0000027862aaf22f sp=0x0000007f506fef30
Event: 43.675 Thread 0x0000027878c3dcd0 DEOPT UNPACKING pc=0x0000027868e24242 sp=0x0000007f506fe658 mode 0
Event: 44.368 Thread 0x0000027878c3dcd0 Uncommon trap: trap_request=0xffffff45 fr.pc=0x00000278694c21c8 relative=0x00000000000007a8
Event: 44.368 Thread 0x0000027878c3dcd0 Uncommon trap: reason=unstable_if action=reinterpret pc=0x00000278694c21c8 method=org.eclipse.jdt.internal.core.index.DiskIndex.mergeWith(Lorg/eclipse/jdt/internal/core/index/MemoryIndex;)Lorg/eclipse/jdt/internal/core/index/DiskIndex; @ 308 c2
Event: 44.368 Thread 0x0000027878c3dcd0 DEOPT PACKING pc=0x00000278694c21c8 sp=0x0000007f506ff190
Event: 44.368 Thread 0x0000027878c3dcd0 DEOPT UNPACKING pc=0x0000027868e23aa2 sp=0x0000007f506ff168 mode 2

Classes loaded (20 events):
Event: 29.382 Loading class java/util/stream/ReduceOps$CountingSink done
Event: 29.382 Loading class java/util/stream/ReduceOps$CountingSink$OfRef done
Event: 29.489 Loading class java/util/stream/ReduceOps$1
Event: 29.489 Loading class java/util/stream/ReduceOps$1 done
Event: 29.489 Loading class java/util/stream/ReduceOps$1ReducingSink
Event: 29.489 Loading class java/util/stream/ReduceOps$1ReducingSink done
Event: 29.550 Loading class java/nio/charset/CharacterCodingException
Event: 29.552 Loading class java/nio/charset/CharacterCodingException done
Event: 29.552 Loading class java/io/SequenceInputStream
Event: 29.552 Loading class java/io/SequenceInputStream done
Event: 29.569 Loading class java/util/regex/PatternSyntaxException
Event: 29.570 Loading class java/util/regex/PatternSyntaxException done
Event: 33.394 Loading class sun/nio/cs/ISO_8859_1$Encoder
Event: 33.398 Loading class sun/nio/cs/ISO_8859_1$Encoder done
Event: 33.398 Loading class sun/nio/cs/Surrogate$Parser
Event: 33.398 Loading class sun/nio/cs/Surrogate$Parser done
Event: 33.398 Loading class sun/nio/cs/Surrogate
Event: 33.398 Loading class sun/nio/cs/Surrogate done
Event: 36.462 Loading class sun/nio/fs/WindowsFileCopy
Event: 36.463 Loading class sun/nio/fs/WindowsFileCopy done

Classes unloaded (11 events):
Event: 7.815 Thread 0x000002785e75e5e0 Unloading class 0x000002780119d000 'java/lang/invoke/LambdaForm$MH+0x000002780119d000'
Event: 7.815 Thread 0x000002785e75e5e0 Unloading class 0x000002780119cc00 'java/lang/invoke/LambdaForm$MH+0x000002780119cc00'
Event: 7.815 Thread 0x000002785e75e5e0 Unloading class 0x000002780119c800 'java/lang/invoke/LambdaForm$MH+0x000002780119c800'
Event: 7.815 Thread 0x000002785e75e5e0 Unloading class 0x000002780119c400 'java/lang/invoke/LambdaForm$MH+0x000002780119c400'
Event: 7.815 Thread 0x000002785e75e5e0 Unloading class 0x000002780119c000 'java/lang/invoke/LambdaForm$BMH+0x000002780119c000'
Event: 7.815 Thread 0x000002785e75e5e0 Unloading class 0x000002780119bc00 'java/lang/invoke/LambdaForm$DMH+0x000002780119bc00'
Event: 7.815 Thread 0x000002785e75e5e0 Unloading class 0x000002780119ac00 'java/lang/invoke/LambdaForm$DMH+0x000002780119ac00'
Event: 10.651 Thread 0x000002785e75e5e0 Unloading class 0x00000278012d4800 'java/lang/invoke/LambdaForm$MH+0x00000278012d4800'
Event: 10.651 Thread 0x000002785e75e5e0 Unloading class 0x00000278012ca800 'java/lang/invoke/LambdaForm$MH+0x00000278012ca800'
Event: 10.651 Thread 0x000002785e75e5e0 Unloading class 0x00000278012ca000 'java/lang/invoke/LambdaForm$MH+0x00000278012ca000'
Event: 10.651 Thread 0x000002785e75e5e0 Unloading class 0x00000278012c9c00 'java/lang/invoke/LambdaForm$DMH+0x00000278012c9c00'

Classes redefined (0 events):
No events

Internal exceptions (20 events):
Event: 29.300 Thread 0x0000027878c3b570 Exception <a 'sun/nio/fs/WindowsException'{0x00000000eadf1518}> (0x00000000eadf1518) 
thrown [s\src\hotspot\share\prims\jni.cpp, line 520]
Event: 29.300 Thread 0x0000027878c3b570 Exception <a 'sun/nio/fs/WindowsException'{0x00000000eadf1e08}> (0x00000000eadf1e08) 
thrown [s\src\hotspot\share\prims\jni.cpp, line 520]
Event: 29.301 Thread 0x0000027878c3b570 Exception <a 'sun/nio/fs/WindowsException'{0x00000000eadf2ec0}> (0x00000000eadf2ec0) 
thrown [s\src\hotspot\share\prims\jni.cpp, line 520]
Event: 29.301 Thread 0x0000027878c3b570 Exception <a 'sun/nio/fs/WindowsException'{0x00000000eadf37b0}> (0x00000000eadf37b0) 
thrown [s\src\hotspot\share\prims\jni.cpp, line 520]
Event: 29.302 Thread 0x0000027878c3b570 Exception <a 'sun/nio/fs/WindowsException'{0x00000000eae04b18}> (0x00000000eae04b18) 
thrown [s\src\hotspot\share\prims\jni.cpp, line 520]
Event: 29.302 Thread 0x0000027878c3b570 Exception <a 'sun/nio/fs/WindowsException'{0x00000000eae05408}> (0x00000000eae05408) 
thrown [s\src\hotspot\share\prims\jni.cpp, line 520]
Event: 29.312 Thread 0x0000027878c3b570 Exception <a 'sun/nio/fs/WindowsException'{0x00000000eaeedbd8}> (0x00000000eaeedbd8) 
thrown [s\src\hotspot\share\prims\jni.cpp, line 520]
Event: 29.314 Thread 0x0000027878c3b570 Exception <a 'sun/nio/fs/WindowsException'{0x00000000eaeee790}> (0x00000000eaeee790) 
thrown [s\src\hotspot\share\prims\jni.cpp, line 520]
Event: 29.314 Thread 0x0000027878c3b570 Exception <a 'sun/nio/fs/WindowsException'{0x00000000eaeef848}> (0x00000000eaeef848) 
thrown [s\src\hotspot\share\prims\jni.cpp, line 520]
Event: 29.315 Thread 0x0000027878c3b570 Exception <a 'sun/nio/fs/WindowsException'{0x00000000eaef0138}> (0x00000000eaef0138) 
thrown [s\src\hotspot\share\prims\jni.cpp, line 520]
Event: 29.316 Thread 0x0000027878c3b570 Exception <a 'sun/nio/fs/WindowsException'{0x00000000eaef1b18}> (0x00000000eaef1b18) 
thrown [s\src\hotspot\share\prims\jni.cpp, line 520]
Event: 29.322 Thread 0x0000027878c3b570 Exception <a 'sun/nio/fs/WindowsException'{0x00000000eab73268}> (0x00000000eab73268) 
thrown [s\src\hotspot\share\prims\jni.cpp, line 520]
Event: 29.389 Thread 0x0000027878c3b570 Exception <a 'sun/nio/fs/WindowsException'{0x00000000eab00038}> (0x00000000eab00038) 
thrown [s\src\hotspot\share\prims\jni.cpp, line 520]
Event: 29.390 Thread 0x0000027878c3b570 Exception <a 'sun/nio/fs/WindowsException'{0x00000000eab00928}> (0x00000000eab00928) 
thrown [s\src\hotspot\share\prims\jni.cpp, line 520]
Event: 29.584 Thread 0x0000027878c3b570 Exception <a 'java/io/FileNotFoundException'{0x00000000eacc74e0}> (0x00000000eacc74e0) 
thrown [s\src\hotspot\share\prims\jni.cpp, line 520]
Event: 29.584 Thread 0x0000027878c3b570 Exception <a 'java/io/FileNotFoundException'{0x00000000ead08be8}> (0x00000000ead08be8) 
thrown [s\src\hotspot\share\prims\jni.cpp, line 520]
Event: 29.594 Thread 0x0000027878c3b570 Exception <a 'java/lang/NoSuchMethodError'{0x00000000eabb2e78}: 'java.lang.Object java.lang.invoke.DirectMethodHandle$Holder.invokeStatic(java.lang.Object, java.lang.Object, int, java.lang.Object)'> (0x00000000eabb2e78) 
thrown [s\src\hotspot\share\interpreter\linkResolver.cpp, line 773]
Event: 29.595 Thread 0x0000027878c3b570 Exception <a 'java/lang/NoSuchMethodError'{0x00000000eac1eb68}: 'java.lang.Object java.lang.invoke.DirectMethodHandle$Holder.newInvokeSpecial(java.lang.Object, java.lang.Object, int)'> (0x00000000eac1eb68) 
thrown [s\src\hotspot\share\interpreter\linkResolver.cpp, line 773]
Event: 33.235 Thread 0x0000027878668830 Implicit null exception at 0x00000278693f6c53 to 0x00000278693f7086
Event: 36.463 Thread 0x0000027878c3dcd0 Exception <a 'sun/nio/fs/WindowsException'{0x00000000eab12b30}> (0x00000000eab12b30) 
thrown [s\src\hotspot\share\prims\jni.cpp, line 520]

ZGC Phase Switch (0 events):
No events

VM Operations (20 events):
Event: 43.717 Executing VM operation: ParallelGCFailedAllocation (Allocation Failure)
Event: 43.722 Executing VM operation: ParallelGCFailedAllocation (Allocation Failure) done
Event: 43.741 Executing VM operation: ParallelGCFailedAllocation (Allocation Failure)
Event: 43.747 Executing VM operation: ParallelGCFailedAllocation (Allocation Failure) done
Event: 43.784 Executing VM operation: ParallelGCFailedAllocation (Allocation Failure)
Event: 43.790 Executing VM operation: ParallelGCFailedAllocation (Allocation Failure) done
Event: 43.847 Executing VM operation: ParallelGCFailedAllocation (Allocation Failure)
Event: 44.249 Executing VM operation: ParallelGCFailedAllocation (Allocation Failure) done
Event: 44.289 Executing VM operation: ParallelGCFailedAllocation (Allocation Failure)
Event: 44.294 Executing VM operation: ParallelGCFailedAllocation (Allocation Failure) done
Event: 44.338 Executing VM operation: ParallelGCFailedAllocation (Allocation Failure)
Event: 44.344 Executing VM operation: ParallelGCFailedAllocation (Allocation Failure) done
Event: 44.358 Executing VM operation: ParallelGCFailedAllocation (Allocation Failure)
Event: 44.362 Executing VM operation: ParallelGCFailedAllocation (Allocation Failure) done
Event: 44.426 Executing VM operation: ParallelGCFailedAllocation (Allocation Failure)
Event: 44.430 Executing VM operation: ParallelGCFailedAllocation (Allocation Failure) done
Event: 44.456 Executing VM operation: ParallelGCFailedAllocation (Allocation Failure)
Event: 44.460 Executing VM operation: ParallelGCFailedAllocation (Allocation Failure) done
Event: 44.488 Executing VM operation: ParallelGCFailedAllocation (Allocation Failure)
Event: 44.491 Executing VM operation: ParallelGCFailedAllocation (Allocation Failure) done

Memory protections (0 events):
No events

Nmethod flushes (20 events):
Event: 44.026 Thread 0x000002785e75e5e0 flushing  nmethod 0x0000027862ab3990
Event: 44.026 Thread 0x000002785e75e5e0 flushing osr nmethod 0x0000027862ab4290
Event: 44.026 Thread 0x000002785e75e5e0 flushing  nmethod 0x0000027862ab6290
Event: 44.026 Thread 0x000002785e75e5e0 flushing  nmethod 0x0000027862ab7e90
Event: 44.026 Thread 0x000002785e75e5e0 flushing  nmethod 0x0000027862ab8490
Event: 44.026 Thread 0x000002785e75e5e0 flushing  nmethod 0x0000027862ab9a10
Event: 44.026 Thread 0x000002785e75e5e0 flushing  nmethod 0x0000027862ab9e10
Event: 44.026 Thread 0x000002785e75e5e0 flushing  nmethod 0x0000027862aba290
Event: 44.026 Thread 0x000002785e75e5e0 flushing  nmethod 0x0000027862abab10
Event: 44.026 Thread 0x000002785e75e5e0 flushing  nmethod 0x0000027862abb710
Event: 44.026 Thread 0x000002785e75e5e0 flushing osr nmethod 0x0000027862abd310
Event: 44.026 Thread 0x000002785e75e5e0 flushing  nmethod 0x0000027862abf790
Event: 44.026 Thread 0x000002785e75e5e0 flushing  nmethod 0x0000027862ac1610
Event: 44.026 Thread 0x000002785e75e5e0 flushing  nmethod 0x0000027862ac3090
Event: 44.026 Thread 0x000002785e75e5e0 flushing  nmethod 0x0000027862ac3690
Event: 44.026 Thread 0x000002785e75e5e0 flushing  nmethod 0x0000027862ac3f90
Event: 44.026 Thread 0x000002785e75e5e0 flushing  nmethod 0x0000027862ac5590
Event: 44.026 Thread 0x000002785e75e5e0 flushing  nmethod 0x0000027862ac5a90
Event: 44.026 Thread 0x000002785e75e5e0 flushing  nmethod 0x0000027862ac5f10
Event: 44.026 Thread 0x000002785e75e5e0 flushing  nmethod 0x0000027862aca810

Events (20 events):
Event: 17.770 Thread 0x000002787935d530 Thread added: 0x000002787935e250
Event: 18.750 Thread 0x000002787935e250 Thread added: 0x000002787935ef70
Event: 19.070 Thread 0x0000027878c3d640 Thread added: 0x00000278793616d0
Event: 19.070 Thread 0x0000027878c3d640 Thread added: 0x0000027879362a80
Event: 21.931 Thread 0x0000027878c3d640 Thread added: 0x000002787935fc90
Event: 22.133 Thread 0x0000027878c3d640 Thread added: 0x0000027879360320
Event: 22.156 Thread 0x0000027878c3d640 Thread added: 0x000002787935dbc0
Event: 23.404 Thread 0x000002787a75d060 Thread exited: 0x000002787a75d060
Event: 24.598 Thread 0x00000278729ecb70 Thread added: 0x000002787b0b66d0
Event: 28.401 Thread 0x000002787b0b66d0 Thread exited: 0x000002787b0b66d0
Event: 28.988 Thread 0x00000278729ecb70 Thread added: 0x000002787b0b66d0
Event: 30.115 Thread 0x000002787b0b66d0 Thread exited: 0x000002787b0b66d0
Event: 33.222 Thread 0x00000278729ecb70 Thread added: 0x000002787a2fb080
Event: 33.492 Thread 0x000002787a2fb080 Thread exited: 0x000002787a2fb080
Event: 33.963 Thread 0x00000278729dbe60 Thread added: 0x000002787a2fb080
Event: 35.394 Thread 0x000002787a2fb080 Thread exited: 0x000002787a2fb080
Event: 35.952 Thread 0x00000278729dbe60 Thread added: 0x000002787a2fb080
Event: 36.356 Thread 0x000002787a2fb080 Thread exited: 0x000002787a2fb080
Event: 37.206 Thread 0x00000278729dbe60 Thread added: 0x000002787a2fb080
Event: 37.547 Thread 0x000002787a2fb080 Thread exited: 0x000002787a2fb080


Dynamic libraries:
0x00007ff67f1f0000 - 0x00007ff67f1fe000 	c:\Users\compu tech\.vscode\extensions\redhat.java-1.41.1-win32-x64\jre\21.0.6-win32-x86_64\bin\java.exe
0x00007ffe32cb0000 - 0x00007ffe32ea8000 	C:\WINDOWS\SYSTEM32\ntdll.dll
0x00007ffe31d40000 - 0x00007ffe31e02000 	C:\WINDOWS\System32\KERNEL32.DLL
0x00007ffe306b0000 - 0x00007ffe309a6000 	C:\WINDOWS\System32\KERNELBASE.dll
0x00007ffe30a60000 - 0x00007ffe30b60000 	C:\WINDOWS\System32\ucrtbase.dll
0x00007ffe04d00000 - 0x00007ffe04d18000 	c:\Users\compu tech\.vscode\extensions\redhat.java-1.41.1-win32-x64\jre\21.0.6-win32-x86_64\bin\jli.dll
0x00007ffe31e10000 - 0x00007ffe31fad000 	C:\WINDOWS\System32\USER32.dll
0x00007ffe30680000 - 0x00007ffe306a2000 	C:\WINDOWS\System32\win32u.dll
0x00007ffe31bd0000 - 0x00007ffe31bfb000 	C:\WINDOWS\System32\GDI32.dll
0x00007ffe304a0000 - 0x00007ffe305ba000 	C:\WINDOWS\System32\gdi32full.dll
0x00007ffe30c30000 - 0x00007ffe30ccd000 	C:\WINDOWS\System32\msvcp_win.dll
0x00007ffe04d20000 - 0x00007ffe04d3e000 	c:\Users\compu tech\.vscode\extensions\redhat.java-1.41.1-win32-x64\jre\21.0.6-win32-x86_64\bin\VCRUNTIME140.dll
0x00007ffe1aa20000 - 0x00007ffe1acba000 	C:\WINDOWS\WinSxS\amd64_microsoft.windows.common-controls_6595b64144ccf1df_6.0.19041.4355_none_60b8b9eb71f62e16\COMCTL32.dll
0x00007ffe322b0000 - 0x00007ffe3234e000 	C:\WINDOWS\System32\msvcrt.dll
0x00007ffe31390000 - 0x00007ffe313bf000 	C:\WINDOWS\System32\IMM32.DLL
0x00007ffe28760000 - 0x00007ffe2876c000 	c:\Users\compu tech\.vscode\extensions\redhat.java-1.41.1-win32-x64\jre\21.0.6-win32-x86_64\bin\vcruntime140_1.dll
0x00007ffdd4090000 - 0x00007ffdd411d000 	c:\Users\compu tech\.vscode\extensions\redhat.java-1.41.1-win32-x64\jre\21.0.6-win32-x86_64\bin\msvcp140.dll
0x00007ffd9b1b0000 - 0x00007ffd9bf40000 	c:\Users\compu tech\.vscode\extensions\redhat.java-1.41.1-win32-x64\jre\21.0.6-win32-x86_64\bin\server\jvm.dll
0x00007ffe31a80000 - 0x00007ffe31b2f000 	C:\WINDOWS\System32\ADVAPI32.dll
0x00007ffe31470000 - 0x00007ffe3150f000 	C:\WINDOWS\System32\sechost.dll
0x00007ffe32180000 - 0x00007ffe322a3000 	C:\WINDOWS\System32\RPCRT4.dll
0x00007ffe305c0000 - 0x00007ffe305e7000 	C:\WINDOWS\System32\bcrypt.dll
0x00007ffe31cc0000 - 0x00007ffe31d2b000 	C:\WINDOWS\System32\WS2_32.dll
0x00007ffe2f830000 - 0x00007ffe2f87b000 	C:\WINDOWS\SYSTEM32\POWRPROF.dll
0x00007ffe1ade0000 - 0x00007ffe1ae07000 	C:\WINDOWS\SYSTEM32\WINMM.dll
0x00007ffe27b10000 - 0x00007ffe27b1a000 	C:\WINDOWS\SYSTEM32\VERSION.dll
0x00007ffe2f700000 - 0x00007ffe2f712000 	C:\WINDOWS\SYSTEM32\UMPDC.dll
0x00007ffe2eb70000 - 0x00007ffe2eb82000 	C:\WINDOWS\SYSTEM32\kernel.appcore.dll
0x00007ffe04f20000 - 0x00007ffe04f2a000 	c:\Users\compu tech\.vscode\extensions\redhat.java-1.41.1-win32-x64\jre\21.0.6-win32-x86_64\bin\jimage.dll
0x00007ffe2e7f0000 - 0x00007ffe2e9d4000 	C:\WINDOWS\SYSTEM32\DBGHELP.DLL
0x00007ffe16e70000 - 0x00007ffe16ea4000 	C:\WINDOWS\SYSTEM32\dbgcore.DLL
0x00007ffe305f0000 - 0x00007ffe30672000 	C:\WINDOWS\System32\bcryptPrimitives.dll
0x00007ffdf6a10000 - 0x00007ffdf6a1f000 	c:\Users\compu tech\.vscode\extensions\redhat.java-1.41.1-win32-x64\jre\21.0.6-win32-x86_64\bin\instrument.dll
0x00007ffdf4110000 - 0x00007ffdf412f000 	c:\Users\compu tech\.vscode\extensions\redhat.java-1.41.1-win32-x64\jre\21.0.6-win32-x86_64\bin\java.dll
0x00007ffe32350000 - 0x00007ffe32abf000 	C:\WINDOWS\System32\SHELL32.dll
0x00007ffe2df70000 - 0x00007ffe2e713000 	C:\WINDOWS\SYSTEM32\windows.storage.dll
0x00007ffe31510000 - 0x00007ffe31865000 	C:\WINDOWS\System32\combase.dll
0x00007ffe2fc90000 - 0x00007ffe2fcbb000 	C:\WINDOWS\SYSTEM32\Wldp.dll
0x00007ffe31160000 - 0x00007ffe3122d000 	C:\WINDOWS\System32\OLEAUT32.dll
0x00007ffe31fb0000 - 0x00007ffe3205d000 	C:\WINDOWS\System32\SHCORE.dll
0x00007ffe31330000 - 0x00007ffe31385000 	C:\WINDOWS\System32\shlwapi.dll
0x00007ffe30270000 - 0x00007ffe30295000 	C:\WINDOWS\SYSTEM32\profapi.dll
0x00007ffdf4030000 - 0x00007ffdf4048000 	c:\Users\compu tech\.vscode\extensions\redhat.java-1.41.1-win32-x64\jre\21.0.6-win32-x86_64\bin\zip.dll
0x00007ffe04cf0000 - 0x00007ffe04d00000 	C:\Users\compu tech\.vscode\extensions\redhat.java-1.41.1-win32-x64\jre\21.0.6-win32-x86_64\bin\net.dll
0x00007ffe25620000 - 0x00007ffe2572a000 	C:\WINDOWS\SYSTEM32\WINHTTP.dll
0x00007ffe2fa70000 - 0x00007ffe2fadc000 	C:\WINDOWS\system32\mswsock.dll
0x00007ffdf1390000 - 0x00007ffdf13a6000 	C:\Users\compu tech\.vscode\extensions\redhat.java-1.41.1-win32-x64\jre\21.0.6-win32-x86_64\bin\nio.dll
0x00007ffdf4180000 - 0x00007ffdf4190000 	c:\Users\compu tech\.vscode\extensions\redhat.java-1.41.1-win32-x64\jre\21.0.6-win32-x86_64\bin\verify.dll
0x00007ffdd4040000 - 0x00007ffdd4085000 	C:\Users\compu tech\AppData\Roaming\Code\User\globalStorage\redhat.java\1.41.1\config_win\org.eclipse.equinox.launcher\org.eclipse.equinox.launcher.win32.win32.x86_64_1.2.1300.v20250331-1702\eclipse_11911.dll
0x00007ffe31870000 - 0x00007ffe3199b000 	C:\WINDOWS\System32\ole32.dll
0x00007ffe30070000 - 0x00007ffe30088000 	C:\WINDOWS\SYSTEM32\CRYPTSP.dll
0x00007ffe2f340000 - 0x00007ffe2f378000 	C:\WINDOWS\system32\rsaenh.dll
0x00007ffe301f0000 - 0x00007ffe3021e000 	C:\WINDOWS\SYSTEM32\USERENV.dll
0x00007ffe2fc00000 - 0x00007ffe2fc0c000 	C:\WINDOWS\SYSTEM32\CRYPTBASE.dll
0x00007ffe2f720000 - 0x00007ffe2f75b000 	C:\WINDOWS\SYSTEM32\IPHLPAPI.DLL
0x00007ffe31d30000 - 0x00007ffe31d38000 	C:\WINDOWS\System32\NSI.dll
0x00007ffdefb00000 - 0x00007ffdefb49000 	C:\Users\compu tech\AppData\Local\Temp\jna--347268304\jna16007677964298227749.dll
0x00007ffe31b30000 - 0x00007ffe31b38000 	C:\WINDOWS\System32\PSAPI.DLL
0x00007ffe271f0000 - 0x00007ffe27207000 	C:\WINDOWS\SYSTEM32\dhcpcsvc6.DLL
0x00007ffe27190000 - 0x00007ffe271ad000 	C:\WINDOWS\SYSTEM32\dhcpcsvc.DLL

dbghelp: loaded successfully - version: 4.0.5 - missing functions: none
symbol engine: initialized successfully - sym options: 0x614 - pdb path: .;c:\Users\compu tech\.vscode\extensions\redhat.java-1.41.1-win32-x64\jre\21.0.6-win32-x86_64\bin;C:\WINDOWS\SYSTEM32;C:\WINDOWS\WinSxS\amd64_microsoft.windows.common-controls_6595b64144ccf1df_6.0.19041.4355_none_60b8b9eb71f62e16;c:\Users\compu tech\.vscode\extensions\redhat.java-1.41.1-win32-x64\jre\21.0.6-win32-x86_64\bin\server;C:\Users\compu tech\AppData\Roaming\Code\User\globalStorage\redhat.java\1.41.1\config_win\org.eclipse.equinox.launcher\org.eclipse.equinox.launcher.win32.win32.x86_64_1.2.1300.v20250331-1702;C:\Users\compu tech\AppData\Local\Temp\jna--347268304

VM Arguments:
jvm_args: --add-modules=ALL-SYSTEM --add-opens=java.base/java.util=ALL-UNNAMED --add-opens=java.base/java.lang=ALL-UNNAMED --add-opens=java.base/sun.nio.fs=ALL-UNNAMED -Declipse.application=org.eclipse.jdt.ls.core.id1 -Dosgi.bundles.defaultStartLevel=4 -Declipse.product=org.eclipse.jdt.ls.core.product -Djava.import.generatesMetadataFilesAtProjectRoot=false -DDetectVMInstallationsJob.disabled=true -Dfile.encoding=utf8 -XX:+UseParallelGC -XX:GCTimeRatio=4 -XX:AdaptiveSizePolicyWeight=90 -Dsun.zip.disableMemoryMapping=true -Xmx1G -Xms100m -Xlog:disable -javaagent:c:\Users\compu tech\.vscode\extensions\redhat.java-1.41.1-win32-x64\lombok\lombok-1.18.36.jar -XX:+HeapDumpOnOutOfMemoryError -XX:HeapDumpPath=c:\Users\compu tech\AppData\Roaming\Code\User\workspaceStorage\f81f2a07812248e63cfd6e48698a4a5f\redhat.java -Daether.dependencyCollector.impl=bf 
java_command: c:\Users\compu tech\.vscode\extensions\redhat.java-1.41.1-win32-x64\server\plugins\org.eclipse.equinox.launcher_1.7.0.v20250331-1702.jar -configuration c:\Users\compu tech\AppData\Roaming\Code\User\globalStorage\redhat.java\1.41.1\config_win -data c:\Users\compu tech\AppData\Roaming\Code\User\workspaceStorage\f81f2a07812248e63cfd6e48698a4a5f\redhat.java\jdt_ws --pipe=\\.\pipe\lsp-e5b7f04f532baf3179dd3bfa7bf4d20c-sock
java_class_path (initial): c:\Users\compu tech\.vscode\extensions\redhat.java-1.41.1-win32-x64\server\plugins\org.eclipse.equinox.launcher_1.7.0.v20250331-1702.jar
Launcher Type: SUN_STANDARD

[Global flags]
    uintx AdaptiveSizePolicyWeight                 = 90                                        {product} {command line}
     intx CICompilerCount                          = 3                                         {product} {ergonomic}
    uintx GCTimeRatio                              = 4                                         {product} {command line}
     bool HeapDumpOnOutOfMemoryError               = true                                   {manageable} {command line}
    ccstr HeapDumpPath                             = c:\Users\compu tech\AppData\Roaming\Code\User\workspaceStorage\f81f2a07812248e63cfd6e48698a4a5f\redhat.java         {manageable} {command line}
   size_t InitialHeapSize                          = 104857600                                 {product} {command line}
   size_t MaxHeapSize                              = 1073741824                                {product} {command line}
   size_t MaxNewSize                               = 357564416                                 {product} {ergonomic}
   size_t MinHeapDeltaBytes                        = 524288                                    {product} {ergonomic}
   size_t MinHeapSize                              = 104857600                                 {product} {command line}
   size_t NewSize                                  = 34603008                                  {product} {ergonomic}
    uintx NonNMethodCodeHeapSize                   = 5832780                                {pd product} {ergonomic}
    uintx NonProfiledCodeHeapSize                  = 122912730                              {pd product} {ergonomic}
   size_t OldSize                                  = 70254592                                  {product} {ergonomic}
    uintx ProfiledCodeHeapSize                     = 122912730                              {pd product} {ergonomic}
    uintx ReservedCodeCacheSize                    = 251658240                              {pd product} {ergonomic}
     bool SegmentedCodeCache                       = true                                      {product} {ergonomic}
   size_t SoftMaxHeapSize                          = 1073741824                             {manageable} {ergonomic}
     bool UseCompressedOops                        = true                           {product lp64_product} {ergonomic}
     bool UseLargePagesIndividualAllocation        = false                                  {pd product} {ergonomic}
     bool UseParallelGC                            = true                                      {product} {command line}

Logging:
Log output configuration:
 #0: stdout all=off uptime,level,tags foldmultilines=false
 #1: stderr all=off uptime,level,tags foldmultilines=false

Environment Variables:
JAVA_HOME=C:\Program Files\Java\jdk-17
PATH=C:\Program Files\Common Files\Oracle\Java\javapath;C:\Program Files (x86)\Common Files\Oracle\Java\javapath;C:\Program Files (x86)\Common Files\Intel\Shared Libraries\redist\intel64\compiler;C:\WINDOWS\system32;C:\WINDOWS;C:\WINDOWS\System32\Wbem;C:\WINDOWS\System32\WindowsPowerShell\v1.0\;C:\WINDOWS\System32\OpenSSH\;C:\Program Files (x86)\Intel\Intel(R) Management Engine Components\DAL;C:\Program Files\Intel\Intel(R) Management Engine Components\DAL;"C:\Program Files\Git\cmd;C:\Users\compu tech\AppData\Local\Android\Sdk\platforms;C:\Users\compu tech\AppData\Local\Android\Sdk\platform-tools";C:\src\flutter\bin;D:\Apps\node\;C:\Program Files\Git\cmd;D:\Apps\node;C:\Users\compu tech\AppData\Local\Programs\Microsoft VS Code\bin;C:\Users\compu tech\AppData\Local\Android\Sdk\platform-tools;C:\Program Files\Java\jdk-17\bin;C:\Program Files\Git\bin;C:\Users\compu tech\AppData\Roaming\npm;C:\Users\compu tech\AppData\Local\Pub\Cache\bin;C:\flutter\bin;D:\Apps\cursor\resources\app\bin;C:\Program Files\Java\jdk-17;
USERNAME=compu tech
OS=Windows_NT
PROCESSOR_IDENTIFIER=Intel64 Family 6 Model 78 Stepping 3, GenuineIntel
TMP=C:\Users\COMPUT~1\AppData\Local\Temp
TEMP=C:\Users\COMPUT~1\AppData\Local\Temp




Periodic native trim disabled

---------------  S Y S T E M  ---------------

OS:
 Windows 10 , 64 bit Build 19041 (10.0.19041.5678)
OS uptime: 4 days 10:41 hours
Hyper-V role detected

CPU: total 4 (initial active 4) (2 cores per cpu, 2 threads per core) family 6 model 78 stepping 3 microcode 0xea, cx8, cmov, fxsr, ht, mmx, 3dnowpref, sse, sse2, sse3, ssse3, sse4.1, sse4.2, popcnt, lzcnt, tsc, tscinvbit, avx, avx2, aes, erms, clmul, bmi1, bmi2, rtm, adx, fma, vzeroupper, clflush, clflushopt, hv, rdtscp, f16c
Processor Information for the first 4 processors :
  Max Mhz: 2801, Current Mhz: 2801, Mhz Limit: 2801

Memory: 4k page, system-wide physical 16196M (644M free)
TotalPageFile size 19371M (AvailPageFile size 4M)
current process WorkingSet (physical memory assigned to process): 930M, peak: 939M
current process commit charge ("private bytes"): 701M, peak: 917M

vm_info: OpenJDK 64-Bit Server VM (21.0.6+7-LTS) for windows-amd64 JRE (21.0.6+7-LTS), built on 2025-01-21T00:00:00Z by "admin" with MS VC++ 17.7 (VS2022)

END.
